<?xml version="1.0" encoding="UTF-8"?>
<testsuite name="com.algderno.execution.TesterTest" tests="2" skipped="0" failures="0" errors="0" timestamp="2022-08-28T18:04:27" hostname="LAPTOP-4NP2I4HJ" time="5.183">
  <properties/>
  <testcase name="inputComplete()" classname="com.algderno.execution.TesterTest" time="5.158"/>
  <testcase name="inputEmpty()" classname="com.algderno.execution.TesterTest" time="0.025"/>
  <system-out><![CDATA[DATAPERSON = 
L:/Aplicacoes/Algderno/Algderno/app-algderno/build/resources/test/com/algderno/execution/resources/example/Hello.java
L:/Aplicacoes/Algderno/Algderno/app-algderno/build/resources/test/com/algderno/execution/resources/example/
L:/Aplicacoes/Algderno/Algderno/app-algderno/build/resources/test/com/algderno/execution/resources/example/

]]></system-out>
  <system-err><![CDATA[]]></system-err>
</testsuite>
