<?xml version="1.0" encoding="UTF-8"?>
<testsuite name="com.algderno.util.HelperListsTest" tests="4" skipped="0" failures="0" errors="0" timestamp="2022-08-28T18:04:32" hostname="LAPTOP-4NP2I4HJ" time="0.01">
  <properties/>
  <testcase name="getIntersectionCorrectInverted()" classname="com.algderno.util.HelperListsTest" time="0.002"/>
  <testcase name="getUnionCorrect()" classname="com.algderno.util.HelperListsTest" time="0.001"/>
  <testcase name="getMinusCorrect()" classname="com.algderno.util.HelperListsTest" time="0.002"/>
  <testcase name="getIntersectionCorrect()" classname="com.algderno.util.HelperListsTest" time="0.001"/>
  <system-out><![CDATA[]]></system-out>
  <system-err><![CDATA[]]></system-err>
</testsuite>
