<?xml version="1.0" encoding="UTF-8"?>
<testsuite name="com.algderno.io.writer.WriterTest" tests="6" skipped="0" failures="0" errors="0" timestamp="2022-06-26T02:06:19" hostname="LAPTOP-4NP2I4HJ" time="0.015">
  <properties/>
  <testcase name="writeFileNoexistent()" classname="com.algderno.io.writer.WriterTest" time="0.004"/>
  <testcase name="inputEmpty()" classname="com.algderno.io.writer.WriterTest" time="0.002"/>
  <testcase name="createFile()" classname="com.algderno.io.writer.WriterTest" time="0.002"/>
  <testcase name="inputNull()" classname="com.algderno.io.writer.WriterTest" time="0.001"/>
  <testcase name="createDirectory()" classname="com.algderno.io.writer.WriterTest" time="0.001"/>
  <testcase name="writeFileExistent()" classname="com.algderno.io.writer.WriterTest" time="0.002"/>
  <system-out><![CDATA[]]></system-out>
  <system-err><![CDATA[]]></system-err>
</testsuite>
