<?xml version="1.0" encoding="UTF-8"?>
<testsuite name="com.algderno.io.writer.WriterTest" tests="6" skipped="0" failures="0" errors="0" timestamp="2022-08-28T18:04:32" hostname="LAPTOP-4NP2I4HJ" time="0.033">
  <properties/>
  <testcase name="writeFileNoexistent()" classname="com.algderno.io.writer.WriterTest" time="0.003"/>
  <testcase name="inputEmpty()" classname="com.algderno.io.writer.WriterTest" time="0.002"/>
  <testcase name="createFile()" classname="com.algderno.io.writer.WriterTest" time="0.003"/>
  <testcase name="inputNull()" classname="com.algderno.io.writer.WriterTest" time="0.003"/>
  <testcase name="createDirectory()" classname="com.algderno.io.writer.WriterTest" time="0.006"/>
  <testcase name="writeFileExistent()" classname="com.algderno.io.writer.WriterTest" time="0.005"/>
  <system-out><![CDATA[]]></system-out>
  <system-err><![CDATA[]]></system-err>
</testsuite>
