<?xml version="1.0" encoding="UTF-8"?>
<testsuite name="com.algderno.io.reader.ReaderTest" tests="5" skipped="0" failures="0" errors="0" timestamp="2022-06-26T02:06:19" hostname="LAPTOP-4NP2I4HJ" time="0.011">
  <properties/>
  <testcase name="fileEmpty()" classname="com.algderno.io.reader.ReaderTest" time="0.004"/>
  <testcase name="fileNoExist()" classname="com.algderno.io.reader.ReaderTest" time="0.001"/>
  <testcase name="arquivoComTexto()" classname="com.algderno.io.reader.ReaderTest" time="0.002"/>
  <testcase name="inputEmpty()" classname="com.algderno.io.reader.ReaderTest" time="0.0"/>
  <testcase name="inputNull()" classname="com.algderno.io.reader.ReaderTest" time="0.001"/>
  <system-out><![CDATA[]]></system-out>
  <system-err><![CDATA[]]></system-err>
</testsuite>
