<?xml version="1.0" encoding="UTF-8"?>
<testsuite name="com.algderno.io.reader.ReaderTest" tests="5" skipped="0" failures="0" errors="0" timestamp="2022-08-28T18:04:32" hostname="LAPTOP-4NP2I4HJ" time="0.017">
  <properties/>
  <testcase name="fileEmpty()" classname="com.algderno.io.reader.ReaderTest" time="0.006"/>
  <testcase name="fileNoExist()" classname="com.algderno.io.reader.ReaderTest" time="0.002"/>
  <testcase name="arquivoComTexto()" classname="com.algderno.io.reader.ReaderTest" time="0.002"/>
  <testcase name="inputEmpty()" classname="com.algderno.io.reader.ReaderTest" time="0.002"/>
  <testcase name="inputNull()" classname="com.algderno.io.reader.ReaderTest" time="0.002"/>
  <system-out><![CDATA[]]></system-out>
  <system-err><![CDATA[]]></system-err>
</testsuite>
